21:40:02.174 [http-nio-8080-exec-1] INFO  o.a.c.c.C.[Tomcat].[localhost].[/] - Initializing Spring DispatcherServlet 'dispatcherServlet'
21:40:02.181 [http-nio-8080-exec-1] INFO  o.s.web.servlet.DispatcherServlet - Initializing Servlet 'dispatcherServlet'
21:40:02.192 [http-nio-8080-exec-1] INFO  o.s.web.servlet.DispatcherServlet - Completed initialization in 11 ms
21:40:11.171 [Druid-ConnectionPool-Create-1271515799] INFO  c.x.h.spring.boot.druid.CustomFilter - 连接开始前
21:40:11.191 [Druid-ConnectionPool-Create-1271515799] INFO  c.x.h.spring.boot.druid.CustomFilter - 连接连接结束后
21:40:11.201 [http-nio-8080-exec-5] DEBUG c.x.h.s.b.dao.TAdminMapper.selectOne - ==>  Preparing: SELECT id,create_time,update_time,user_name,role,pwd FROM t_admin WHERE user_name = ? 
21:40:11.341 [http-nio-8080-exec-5] DEBUG c.x.h.s.b.dao.TAdminMapper.selectOne - ==> Parameters: xdx2(String)
21:40:11.371 [http-nio-8080-exec-5] TRACE c.x.h.s.b.dao.TAdminMapper.selectOne - <==    Columns: id, create_time, update_time, user_name, role, pwd
21:40:11.381 [http-nio-8080-exec-5] TRACE c.x.h.s.b.dao.TAdminMapper.selectOne - <==        Row: 20, 2020-01-17 21:43:00, 2020-02-13 21:45:54, xdx2, 'admin', 123456
21:40:11.381 [http-nio-8080-exec-5] DEBUG c.x.h.s.b.dao.TAdminMapper.selectOne - <==      Total: 1
21:40:11.391 [http-nio-8080-exec-5] DEBUG c.x.h.s.b.dao.TAdminMapper.selectOne - ==>  Preparing: SELECT id,create_time,update_time,user_name,role,pwd FROM t_admin WHERE user_name = ? AND pwd = ? 
21:40:11.391 [http-nio-8080-exec-5] DEBUG c.x.h.s.b.dao.TAdminMapper.selectOne - ==> Parameters: xdx2(String), 123456(String)
21:40:11.401 [http-nio-8080-exec-5] TRACE c.x.h.s.b.dao.TAdminMapper.selectOne - <==    Columns: id, create_time, update_time, user_name, role, pwd
21:40:11.401 [http-nio-8080-exec-5] TRACE c.x.h.s.b.dao.TAdminMapper.selectOne - <==        Row: 20, 2020-01-17 21:43:00, 2020-02-13 21:45:54, xdx2, 'admin', 123456
21:40:11.401 [http-nio-8080-exec-5] DEBUG c.x.h.s.b.dao.TAdminMapper.selectOne - <==      Total: 1
21:40:11.441 [http-nio-8080-exec-2] INFO  c.x.h.s.b.controller.AdminController - 63458D24EBD65E998220F464D7210B05
21:42:53.151 [http-nio-8080-exec-9] INFO  c.x.h.s.b.controller.AdminController - 63458D24EBD65E998220F464D7210B05
21:51:26.171 [http-nio-8080-exec-4] INFO  c.x.h.s.b.controller.AdminController - 63458D24EBD65E998220F464D7210B05
22:01:43.923 [http-nio-8080-exec-10] INFO  c.x.h.s.b.controller.AdminController - 63458D24EBD65E998220F464D7210B05
22:22:24.845 [http-nio-8080-exec-5] INFO  c.x.h.s.b.controller.AdminController - 63458D24EBD65E998220F464D7210B05
22:28:30.905 [http-nio-8080-exec-7] INFO  c.x.h.s.b.controller.AdminController - 63458D24EBD65E998220F464D7210B05
22:40:25.724 [http-nio-8080-exec-10] INFO  c.x.h.s.b.controller.AdminController - 63458D24EBD65E998220F464D7210B05
