22:37:44.056 [main] INFO  c.x.h.s.b.HelloSpringBootApplication - Starting HelloSpringBootApplication on PC-2019HWL with PID 544 (started by Administrator in D:\xdxgit\微服务学习\hello-spring-boot)
22:37:44.056 [main] INFO  c.x.h.s.b.HelloSpringBootApplication - The following profiles are active: dev
22:37:45.226 [main] INFO  o.s.b.w.e.tomcat.TomcatWebServer - Tomcat initialized with port(s): 8080 (http)
22:37:45.242 [main] INFO  o.a.coyote.http11.Http11NioProtocol - Initializing ProtocolHandler ["http-nio-8080"]
22:37:45.242 [main] INFO  o.a.catalina.core.StandardService - Starting service [Tomcat]
22:37:45.242 [main] INFO  o.a.catalina.core.StandardEngine - Starting Servlet engine: [Apache Tomcat/9.0.29]
22:37:45.367 [main] INFO  o.a.c.c.C.[Tomcat].[localhost].[/] - Initializing Spring embedded WebApplicationContext
22:37:45.367 [main] INFO  o.s.web.context.ContextLoader - Root WebApplicationContext: initialization completed in 1233 ms
22:37:45.569 [main] INFO  o.s.s.c.ThreadPoolTaskExecutor - Initializing ExecutorService 'applicationTaskExecutor'
22:37:45.757 [main] INFO  c.a.d.s.b.a.DruidDataSourceAutoConfigure - Init DruidDataSource
22:37:46.692 [main] INFO  c.alibaba.druid.pool.DruidDataSource - {dataSource-1} inited
22:37:46.786 [main] INFO  o.a.coyote.http11.Http11NioProtocol - Starting ProtocolHandler ["http-nio-8080"]
22:37:46.801 [main] INFO  o.s.b.w.e.tomcat.TomcatWebServer - Tomcat started on port(s): 8080 (http) with context path ''
22:37:46.801 [main] INFO  c.x.h.s.b.HelloSpringBootApplication - Started HelloSpringBootApplication in 3.324 seconds (JVM running for 5.259)
22:38:08.296 [http-nio-8080-exec-2] INFO  o.a.c.c.C.[Tomcat].[localhost].[/] - Initializing Spring DispatcherServlet 'dispatcherServlet'
22:38:08.296 [http-nio-8080-exec-2] INFO  o.s.web.servlet.DispatcherServlet - Initializing Servlet 'dispatcherServlet'
22:38:08.296 [http-nio-8080-exec-2] INFO  o.s.web.servlet.DispatcherServlet - Completed initialization in 0 ms
22:38:08.312 [http-nio-8080-exec-2] INFO  c.x.h.s.b.HelloSpringBootApplication - 这是一条日志消息
22:38:08.328 [http-nio-8080-exec-2] ERROR c.x.h.s.b.HelloSpringBootApplication - 这是一条error信息
22:38:20.516 [http-nio-8080-exec-1] INFO  c.x.h.s.b.HelloSpringBootApplication - 这是一条日志消息
22:38:20.516 [http-nio-8080-exec-1] ERROR c.x.h.s.b.HelloSpringBootApplication - 这是一条error信息
23:22:34.625 [main] INFO  o.s.b.t.c.SpringBootTestContextBootstrapper - Neither @ContextConfiguration nor @ContextHierarchy found for test class [com.xdx.hello.spring.boot.HelloSpringBootApplicationTests], using SpringBootContextLoader
23:22:34.644 [main] INFO  o.s.t.c.s.AbstractContextLoader - Could not detect default resource locations for test class [com.xdx.hello.spring.boot.HelloSpringBootApplicationTests]: no resource found for suffixes {-context.xml, Context.groovy}.
23:22:34.892 [main] INFO  o.s.b.t.c.SpringBootTestContextBootstrapper - Loaded default TestExecutionListener class names from location [META-INF/spring.factories]: [org.springframework.boot.test.mock.mockito.MockitoTestExecutionListener, org.springframework.boot.test.mock.mockito.ResetMocksTestExecutionListener, org.springframework.boot.test.autoconfigure.restdocs.RestDocsTestExecutionListener, org.springframework.boot.test.autoconfigure.web.client.MockRestServiceServerResetTestExecutionListener, org.springframework.boot.test.autoconfigure.web.servlet.MockMvcPrintOnlyOnFailureTestExecutionListener, org.springframework.boot.test.autoconfigure.web.servlet.WebDriverTestExecutionListener, org.springframework.test.context.web.ServletTestExecutionListener, org.springframework.test.context.support.DirtiesContextBeforeModesTestExecutionListener, org.springframework.test.context.support.DependencyInjectionTestExecutionListener, org.springframework.test.context.support.DirtiesContextTestExecutionListener, org.springframework.test.context.transaction.TransactionalTestExecutionListener, org.springframework.test.context.jdbc.SqlScriptsTestExecutionListener, org.springframework.test.context.event.EventPublishingTestExecutionListener]
23:22:34.917 [main] INFO  o.s.b.t.c.SpringBootTestContextBootstrapper - Using TestExecutionListeners: [org.springframework.test.context.web.ServletTestExecutionListener@16150369, org.springframework.test.context.support.DirtiesContextBeforeModesTestExecutionListener@6b09fb41, org.springframework.boot.test.mock.mockito.MockitoTestExecutionListener@624ea235, org.springframework.boot.test.autoconfigure.SpringBootDependencyInjectionTestExecutionListener@3932c79a, org.springframework.test.context.support.DirtiesContextTestExecutionListener@782859e, org.springframework.test.context.transaction.TransactionalTestExecutionListener@23f5b5dc, org.springframework.test.context.jdbc.SqlScriptsTestExecutionListener@34bde49d, org.springframework.test.context.event.EventPublishingTestExecutionListener@1b1cfb87, org.springframework.boot.test.mock.mockito.ResetMocksTestExecutionListener@821330f, org.springframework.boot.test.autoconfigure.restdocs.RestDocsTestExecutionListener@6f43c82, org.springframework.boot.test.autoconfigure.web.client.MockRestServiceServerResetTestExecutionListener@5db6b9cd, org.springframework.boot.test.autoconfigure.web.servlet.MockMvcPrintOnlyOnFailureTestExecutionListener@210ab13f, org.springframework.boot.test.autoconfigure.web.servlet.WebDriverTestExecutionListener@20b2475a]
23:22:35.457 [main] INFO  c.x.h.s.b.HelloSpringBootApplicationTests - Starting HelloSpringBootApplicationTests on PC-2019HWL with PID 4336 (started by Administrator in D:\xdxgit\微服务学习\hello-spring-boot)
23:22:35.458 [main] INFO  c.x.h.s.b.HelloSpringBootApplicationTests - The following profiles are active: dev
23:22:37.673 [main] INFO  o.s.b.w.e.tomcat.TomcatWebServer - Tomcat initialized with port(s): 0 (http)
23:22:37.686 [main] INFO  o.a.coyote.http11.Http11NioProtocol - Initializing ProtocolHandler ["http-nio-auto-1"]
23:22:37.687 [main] INFO  o.a.catalina.core.StandardService - Starting service [Tomcat]
23:22:37.687 [main] INFO  o.a.catalina.core.StandardEngine - Starting Servlet engine: [Apache Tomcat/9.0.29]
23:22:37.843 [main] INFO  o.a.c.c.C.[Tomcat].[localhost].[/] - Initializing Spring embedded WebApplicationContext
23:22:37.844 [main] INFO  o.s.web.context.ContextLoader - Root WebApplicationContext: initialization completed in 2361 ms
23:22:38.278 [main] INFO  o.s.s.c.ThreadPoolTaskExecutor - Initializing ExecutorService 'applicationTaskExecutor'
23:22:38.630 [main] INFO  c.a.d.s.b.a.DruidDataSourceAutoConfigure - Init DruidDataSource
23:22:39.750 [main] INFO  c.alibaba.druid.pool.DruidDataSource - {dataSource-1} inited
23:22:39.935 [main] INFO  o.a.coyote.http11.Http11NioProtocol - Starting ProtocolHandler ["http-nio-auto-1"]
23:22:39.970 [main] INFO  o.s.b.w.e.tomcat.TomcatWebServer - Tomcat started on port(s): 50876 (http) with context path ''
23:22:39.973 [main] INFO  c.x.h.s.b.HelloSpringBootApplicationTests - Started HelloSpringBootApplicationTests in 5.003 seconds (JVM running for 6.418)
23:22:40.387 [SpringContextShutdownHook] INFO  c.alibaba.druid.pool.DruidDataSource - {dataSource-1} closing ...
23:22:40.400 [SpringContextShutdownHook] INFO  c.alibaba.druid.pool.DruidDataSource - {dataSource-1} closed
23:22:40.405 [SpringContextShutdownHook] INFO  o.s.s.c.ThreadPoolTaskExecutor - Shutting down ExecutorService 'applicationTaskExecutor'
23:23:27.354 [main] INFO  o.s.b.t.c.SpringBootTestContextBootstrapper - Neither @ContextConfiguration nor @ContextHierarchy found for test class [com.xdx.hello.spring.boot.HelloSpringBootApplicationTests], using SpringBootContextLoader
23:23:27.363 [main] INFO  o.s.t.c.s.AbstractContextLoader - Could not detect default resource locations for test class [com.xdx.hello.spring.boot.HelloSpringBootApplicationTests]: no resource found for suffixes {-context.xml, Context.groovy}.
23:23:27.617 [main] INFO  o.s.b.t.c.SpringBootTestContextBootstrapper - Loaded default TestExecutionListener class names from location [META-INF/spring.factories]: [org.springframework.boot.test.mock.mockito.MockitoTestExecutionListener, org.springframework.boot.test.mock.mockito.ResetMocksTestExecutionListener, org.springframework.boot.test.autoconfigure.restdocs.RestDocsTestExecutionListener, org.springframework.boot.test.autoconfigure.web.client.MockRestServiceServerResetTestExecutionListener, org.springframework.boot.test.autoconfigure.web.servlet.MockMvcPrintOnlyOnFailureTestExecutionListener, org.springframework.boot.test.autoconfigure.web.servlet.WebDriverTestExecutionListener, org.springframework.test.context.web.ServletTestExecutionListener, org.springframework.test.context.support.DirtiesContextBeforeModesTestExecutionListener, org.springframework.test.context.support.DependencyInjectionTestExecutionListener, org.springframework.test.context.support.DirtiesContextTestExecutionListener, org.springframework.test.context.transaction.TransactionalTestExecutionListener, org.springframework.test.context.jdbc.SqlScriptsTestExecutionListener, org.springframework.test.context.event.EventPublishingTestExecutionListener]
23:23:27.637 [main] INFO  o.s.b.t.c.SpringBootTestContextBootstrapper - Using TestExecutionListeners: [org.springframework.test.context.web.ServletTestExecutionListener@4b520ea8, org.springframework.test.context.support.DirtiesContextBeforeModesTestExecutionListener@16150369, org.springframework.boot.test.mock.mockito.MockitoTestExecutionListener@6b09fb41, org.springframework.boot.test.autoconfigure.SpringBootDependencyInjectionTestExecutionListener@624ea235, org.springframework.test.context.support.DirtiesContextTestExecutionListener@3932c79a, org.springframework.test.context.transaction.TransactionalTestExecutionListener@782859e, org.springframework.test.context.jdbc.SqlScriptsTestExecutionListener@23f5b5dc, org.springframework.test.context.event.EventPublishingTestExecutionListener@34bde49d, org.springframework.boot.test.mock.mockito.ResetMocksTestExecutionListener@1b1cfb87, org.springframework.boot.test.autoconfigure.restdocs.RestDocsTestExecutionListener@821330f, org.springframework.boot.test.autoconfigure.web.client.MockRestServiceServerResetTestExecutionListener@6f43c82, org.springframework.boot.test.autoconfigure.web.servlet.MockMvcPrintOnlyOnFailureTestExecutionListener@5db6b9cd, org.springframework.boot.test.autoconfigure.web.servlet.WebDriverTestExecutionListener@210ab13f]
23:23:28.280 [main] INFO  c.x.h.s.b.HelloSpringBootApplicationTests - Starting HelloSpringBootApplicationTests on PC-2019HWL with PID 8048 (started by Administrator in D:\xdxgit\微服务学习\hello-spring-boot)
23:23:28.280 [main] INFO  c.x.h.s.b.HelloSpringBootApplicationTests - The following profiles are active: dev
23:23:30.361 [main] INFO  o.s.b.w.e.tomcat.TomcatWebServer - Tomcat initialized with port(s): 0 (http)
23:23:30.374 [main] INFO  o.a.coyote.http11.Http11NioProtocol - Initializing ProtocolHandler ["http-nio-auto-1"]
23:23:30.375 [main] INFO  o.a.catalina.core.StandardService - Starting service [Tomcat]
23:23:30.375 [main] INFO  o.a.catalina.core.StandardEngine - Starting Servlet engine: [Apache Tomcat/9.0.29]
23:23:30.527 [main] INFO  o.a.c.c.C.[Tomcat].[localhost].[/] - Initializing Spring embedded WebApplicationContext
23:23:30.527 [main] INFO  o.s.web.context.ContextLoader - Root WebApplicationContext: initialization completed in 2225 ms
23:23:30.939 [main] INFO  o.s.s.c.ThreadPoolTaskExecutor - Initializing ExecutorService 'applicationTaskExecutor'
23:23:31.241 [main] INFO  c.a.d.s.b.a.DruidDataSourceAutoConfigure - Init DruidDataSource
23:23:32.330 [main] INFO  c.alibaba.druid.pool.DruidDataSource - {dataSource-1} inited
23:23:32.510 [main] INFO  o.a.coyote.http11.Http11NioProtocol - Starting ProtocolHandler ["http-nio-auto-1"]
23:23:32.542 [main] INFO  o.s.b.w.e.tomcat.TomcatWebServer - Tomcat started on port(s): 50902 (http) with context path ''
23:23:32.545 [main] INFO  c.x.h.s.b.HelloSpringBootApplicationTests - Started HelloSpringBootApplicationTests in 4.85 seconds (JVM running for 6.361)
23:23:32.832 [SpringContextShutdownHook] INFO  c.alibaba.druid.pool.DruidDataSource - {dataSource-1} closing ...
23:23:32.844 [SpringContextShutdownHook] INFO  c.alibaba.druid.pool.DruidDataSource - {dataSource-1} closed
23:23:32.846 [SpringContextShutdownHook] INFO  o.s.s.c.ThreadPoolTaskExecutor - Shutting down ExecutorService 'applicationTaskExecutor'
23:23:56.953 [main] INFO  o.s.b.t.c.SpringBootTestContextBootstrapper - Neither @ContextConfiguration nor @ContextHierarchy found for test class [com.xdx.hello.spring.boot.HelloSpringBootApplicationTests], using SpringBootContextLoader
23:23:56.962 [main] INFO  o.s.t.c.s.AbstractContextLoader - Could not detect default resource locations for test class [com.xdx.hello.spring.boot.HelloSpringBootApplicationTests]: no resource found for suffixes {-context.xml, Context.groovy}.
23:23:57.203 [main] INFO  o.s.b.t.c.SpringBootTestContextBootstrapper - Loaded default TestExecutionListener class names from location [META-INF/spring.factories]: [org.springframework.boot.test.mock.mockito.MockitoTestExecutionListener, org.springframework.boot.test.mock.mockito.ResetMocksTestExecutionListener, org.springframework.boot.test.autoconfigure.restdocs.RestDocsTestExecutionListener, org.springframework.boot.test.autoconfigure.web.client.MockRestServiceServerResetTestExecutionListener, org.springframework.boot.test.autoconfigure.web.servlet.MockMvcPrintOnlyOnFailureTestExecutionListener, org.springframework.boot.test.autoconfigure.web.servlet.WebDriverTestExecutionListener, org.springframework.test.context.web.ServletTestExecutionListener, org.springframework.test.context.support.DirtiesContextBeforeModesTestExecutionListener, org.springframework.test.context.support.DependencyInjectionTestExecutionListener, org.springframework.test.context.support.DirtiesContextTestExecutionListener, org.springframework.test.context.transaction.TransactionalTestExecutionListener, org.springframework.test.context.jdbc.SqlScriptsTestExecutionListener, org.springframework.test.context.event.EventPublishingTestExecutionListener]
23:23:57.225 [main] INFO  o.s.b.t.c.SpringBootTestContextBootstrapper - Using TestExecutionListeners: [org.springframework.test.context.web.ServletTestExecutionListener@33e01298, org.springframework.test.context.support.DirtiesContextBeforeModesTestExecutionListener@31e75d13, org.springframework.boot.test.mock.mockito.MockitoTestExecutionListener@a5b0b86, org.springframework.boot.test.autoconfigure.SpringBootDependencyInjectionTestExecutionListener@4b3c354a, org.springframework.test.context.support.DirtiesContextTestExecutionListener@78fb9a67, org.springframework.test.context.transaction.TransactionalTestExecutionListener@73ff4fae, org.springframework.test.context.jdbc.SqlScriptsTestExecutionListener@21aa6d6c, org.springframework.test.context.event.EventPublishingTestExecutionListener@b968a76, org.springframework.boot.test.mock.mockito.ResetMocksTestExecutionListener@2f9a01c1, org.springframework.boot.test.autoconfigure.restdocs.RestDocsTestExecutionListener@2611b9a3, org.springframework.boot.test.autoconfigure.web.client.MockRestServiceServerResetTestExecutionListener@54227100, org.springframework.boot.test.autoconfigure.web.servlet.MockMvcPrintOnlyOnFailureTestExecutionListener@6b5894c8, org.springframework.boot.test.autoconfigure.web.servlet.WebDriverTestExecutionListener@1433046b]
23:23:57.810 [main] INFO  c.x.h.s.b.HelloSpringBootApplicationTests - Starting HelloSpringBootApplicationTests on PC-2019HWL with PID 3756 (started by Administrator in D:\xdxgit\微服务学习\hello-spring-boot)
23:23:57.810 [main] INFO  c.x.h.s.b.HelloSpringBootApplicationTests - The following profiles are active: dev
23:24:00.136 [main] INFO  o.s.b.w.e.tomcat.TomcatWebServer - Tomcat initialized with port(s): 0 (http)
23:24:00.150 [main] INFO  o.a.coyote.http11.Http11NioProtocol - Initializing ProtocolHandler ["http-nio-auto-1"]
23:24:00.152 [main] INFO  o.a.catalina.core.StandardService - Starting service [Tomcat]
23:24:00.152 [main] INFO  o.a.catalina.core.StandardEngine - Starting Servlet engine: [Apache Tomcat/9.0.29]
23:24:00.319 [main] INFO  o.a.c.c.C.[Tomcat].[localhost].[/] - Initializing Spring embedded WebApplicationContext
23:24:00.320 [main] INFO  o.s.web.context.ContextLoader - Root WebApplicationContext: initialization completed in 2482 ms
23:24:00.830 [main] INFO  o.s.s.c.ThreadPoolTaskExecutor - Initializing ExecutorService 'applicationTaskExecutor'
23:24:01.243 [main] INFO  c.a.d.s.b.a.DruidDataSourceAutoConfigure - Init DruidDataSource
23:24:02.421 [main] INFO  c.alibaba.druid.pool.DruidDataSource - {dataSource-1} inited
23:24:02.690 [main] INFO  o.a.coyote.http11.Http11NioProtocol - Starting ProtocolHandler ["http-nio-auto-1"]
23:24:02.743 [main] INFO  o.s.b.w.e.tomcat.TomcatWebServer - Tomcat started on port(s): 50926 (http) with context path ''
23:24:02.749 [main] INFO  c.x.h.s.b.HelloSpringBootApplicationTests - Started HelloSpringBootApplicationTests in 5.472 seconds (JVM running for 8.071)
23:24:03.114 [SpringContextShutdownHook] INFO  c.alibaba.druid.pool.DruidDataSource - {dataSource-1} closing ...
23:24:03.128 [SpringContextShutdownHook] INFO  c.alibaba.druid.pool.DruidDataSource - {dataSource-1} closed
23:24:03.130 [SpringContextShutdownHook] INFO  o.s.s.c.ThreadPoolTaskExecutor - Shutting down ExecutorService 'applicationTaskExecutor'
23:24:26.966 [main] INFO  o.s.b.t.c.SpringBootTestContextBootstrapper - Neither @ContextConfiguration nor @ContextHierarchy found for test class [com.xdx.hello.spring.boot.HelloSpringBootApplicationTests], using SpringBootContextLoader
23:24:26.975 [main] INFO  o.s.t.c.s.AbstractContextLoader - Could not detect default resource locations for test class [com.xdx.hello.spring.boot.HelloSpringBootApplicationTests]: no resource found for suffixes {-context.xml, Context.groovy}.
23:24:27.348 [main] INFO  o.s.b.t.c.SpringBootTestContextBootstrapper - Loaded default TestExecutionListener class names from location [META-INF/spring.factories]: [org.springframework.boot.test.mock.mockito.MockitoTestExecutionListener, org.springframework.boot.test.mock.mockito.ResetMocksTestExecutionListener, org.springframework.boot.test.autoconfigure.restdocs.RestDocsTestExecutionListener, org.springframework.boot.test.autoconfigure.web.client.MockRestServiceServerResetTestExecutionListener, org.springframework.boot.test.autoconfigure.web.servlet.MockMvcPrintOnlyOnFailureTestExecutionListener, org.springframework.boot.test.autoconfigure.web.servlet.WebDriverTestExecutionListener, org.springframework.test.context.web.ServletTestExecutionListener, org.springframework.test.context.support.DirtiesContextBeforeModesTestExecutionListener, org.springframework.test.context.support.DependencyInjectionTestExecutionListener, org.springframework.test.context.support.DirtiesContextTestExecutionListener, org.springframework.test.context.transaction.TransactionalTestExecutionListener, org.springframework.test.context.jdbc.SqlScriptsTestExecutionListener, org.springframework.test.context.event.EventPublishingTestExecutionListener]
23:24:27.372 [main] INFO  o.s.b.t.c.SpringBootTestContextBootstrapper - Using TestExecutionListeners: [org.springframework.test.context.web.ServletTestExecutionListener@33e01298, org.springframework.test.context.support.DirtiesContextBeforeModesTestExecutionListener@31e75d13, org.springframework.boot.test.mock.mockito.MockitoTestExecutionListener@a5b0b86, org.springframework.boot.test.autoconfigure.SpringBootDependencyInjectionTestExecutionListener@4b3c354a, org.springframework.test.context.support.DirtiesContextTestExecutionListener@78fb9a67, org.springframework.test.context.transaction.TransactionalTestExecutionListener@73ff4fae, org.springframework.test.context.jdbc.SqlScriptsTestExecutionListener@21aa6d6c, org.springframework.test.context.event.EventPublishingTestExecutionListener@b968a76, org.springframework.boot.test.mock.mockito.ResetMocksTestExecutionListener@2f9a01c1, org.springframework.boot.test.autoconfigure.restdocs.RestDocsTestExecutionListener@2611b9a3, org.springframework.boot.test.autoconfigure.web.client.MockRestServiceServerResetTestExecutionListener@54227100, org.springframework.boot.test.autoconfigure.web.servlet.MockMvcPrintOnlyOnFailureTestExecutionListener@6b5894c8, org.springframework.boot.test.autoconfigure.web.servlet.WebDriverTestExecutionListener@1433046b]
23:24:28.054 [main] INFO  c.x.h.s.b.HelloSpringBootApplicationTests - Starting HelloSpringBootApplicationTests on PC-2019HWL with PID 9364 (started by Administrator in D:\xdxgit\微服务学习\hello-spring-boot)
23:24:28.055 [main] INFO  c.x.h.s.b.HelloSpringBootApplicationTests - The following profiles are active: dev
23:24:30.405 [main] INFO  o.s.b.w.e.tomcat.TomcatWebServer - Tomcat initialized with port(s): 0 (http)
23:24:30.420 [main] INFO  o.a.coyote.http11.Http11NioProtocol - Initializing ProtocolHandler ["http-nio-auto-1"]
23:24:30.421 [main] INFO  o.a.catalina.core.StandardService - Starting service [Tomcat]
23:24:30.421 [main] INFO  o.a.catalina.core.StandardEngine - Starting Servlet engine: [Apache Tomcat/9.0.29]
23:24:30.586 [main] INFO  o.a.c.c.C.[Tomcat].[localhost].[/] - Initializing Spring embedded WebApplicationContext
23:24:30.586 [main] INFO  o.s.web.context.ContextLoader - Root WebApplicationContext: initialization completed in 2500 ms
23:24:31.058 [main] INFO  o.s.s.c.ThreadPoolTaskExecutor - Initializing ExecutorService 'applicationTaskExecutor'
23:24:31.434 [main] INFO  c.a.d.s.b.a.DruidDataSourceAutoConfigure - Init DruidDataSource
23:24:32.526 [main] INFO  c.alibaba.druid.pool.DruidDataSource - {dataSource-1} inited
23:24:32.757 [main] INFO  o.a.coyote.http11.Http11NioProtocol - Starting ProtocolHandler ["http-nio-auto-1"]
23:24:32.794 [main] INFO  o.s.b.w.e.tomcat.TomcatWebServer - Tomcat started on port(s): 50947 (http) with context path ''
23:24:32.801 [main] INFO  c.x.h.s.b.HelloSpringBootApplicationTests - Started HelloSpringBootApplicationTests in 5.362 seconds (JVM running for 7.333)
23:25:26.548 [SpringContextShutdownHook] INFO  c.alibaba.druid.pool.DruidDataSource - {dataSource-1} closing ...
23:25:26.560 [SpringContextShutdownHook] INFO  c.alibaba.druid.pool.DruidDataSource - {dataSource-1} closed
23:25:26.563 [SpringContextShutdownHook] INFO  o.s.s.c.ThreadPoolTaskExecutor - Shutting down ExecutorService 'applicationTaskExecutor'
23:25:36.606 [main] INFO  o.s.b.t.c.SpringBootTestContextBootstrapper - Neither @ContextConfiguration nor @ContextHierarchy found for test class [com.xdx.hello.spring.boot.HelloSpringBootApplicationTests], using SpringBootContextLoader
23:25:36.616 [main] INFO  o.s.t.c.s.AbstractContextLoader - Could not detect default resource locations for test class [com.xdx.hello.spring.boot.HelloSpringBootApplicationTests]: no resource found for suffixes {-context.xml, Context.groovy}.
23:25:36.982 [main] INFO  o.s.b.t.c.SpringBootTestContextBootstrapper - Loaded default TestExecutionListener class names from location [META-INF/spring.factories]: [org.springframework.boot.test.mock.mockito.MockitoTestExecutionListener, org.springframework.boot.test.mock.mockito.ResetMocksTestExecutionListener, org.springframework.boot.test.autoconfigure.restdocs.RestDocsTestExecutionListener, org.springframework.boot.test.autoconfigure.web.client.MockRestServiceServerResetTestExecutionListener, org.springframework.boot.test.autoconfigure.web.servlet.MockMvcPrintOnlyOnFailureTestExecutionListener, org.springframework.boot.test.autoconfigure.web.servlet.WebDriverTestExecutionListener, org.springframework.test.context.web.ServletTestExecutionListener, org.springframework.test.context.support.DirtiesContextBeforeModesTestExecutionListener, org.springframework.test.context.support.DependencyInjectionTestExecutionListener, org.springframework.test.context.support.DirtiesContextTestExecutionListener, org.springframework.test.context.transaction.TransactionalTestExecutionListener, org.springframework.test.context.jdbc.SqlScriptsTestExecutionListener, org.springframework.test.context.event.EventPublishingTestExecutionListener]
23:25:37.033 [main] INFO  o.s.b.t.c.SpringBootTestContextBootstrapper - Using TestExecutionListeners: [org.springframework.test.context.web.ServletTestExecutionListener@33e01298, org.springframework.test.context.support.DirtiesContextBeforeModesTestExecutionListener@31e75d13, org.springframework.boot.test.mock.mockito.MockitoTestExecutionListener@a5b0b86, org.springframework.boot.test.autoconfigure.SpringBootDependencyInjectionTestExecutionListener@4b3c354a, org.springframework.test.context.support.DirtiesContextTestExecutionListener@78fb9a67, org.springframework.test.context.transaction.TransactionalTestExecutionListener@73ff4fae, org.springframework.test.context.jdbc.SqlScriptsTestExecutionListener@21aa6d6c, org.springframework.test.context.event.EventPublishingTestExecutionListener@b968a76, org.springframework.boot.test.mock.mockito.ResetMocksTestExecutionListener@2f9a01c1, org.springframework.boot.test.autoconfigure.restdocs.RestDocsTestExecutionListener@2611b9a3, org.springframework.boot.test.autoconfigure.web.client.MockRestServiceServerResetTestExecutionListener@54227100, org.springframework.boot.test.autoconfigure.web.servlet.MockMvcPrintOnlyOnFailureTestExecutionListener@6b5894c8, org.springframework.boot.test.autoconfigure.web.servlet.WebDriverTestExecutionListener@1433046b]
23:25:37.722 [main] INFO  c.x.h.s.b.HelloSpringBootApplicationTests - Starting HelloSpringBootApplicationTests on PC-2019HWL with PID 5368 (started by Administrator in D:\xdxgit\微服务学习\hello-spring-boot)
23:25:37.723 [main] INFO  c.x.h.s.b.HelloSpringBootApplicationTests - The following profiles are active: dev
23:25:40.343 [main] INFO  o.s.b.w.e.tomcat.TomcatWebServer - Tomcat initialized with port(s): 0 (http)
23:25:40.360 [main] INFO  o.a.coyote.http11.Http11NioProtocol - Initializing ProtocolHandler ["http-nio-auto-1"]
23:25:40.361 [main] INFO  o.a.catalina.core.StandardService - Starting service [Tomcat]
23:25:40.361 [main] INFO  o.a.catalina.core.StandardEngine - Starting Servlet engine: [Apache Tomcat/9.0.29]
23:25:40.555 [main] INFO  o.a.c.c.C.[Tomcat].[localhost].[/] - Initializing Spring embedded WebApplicationContext
23:25:40.555 [main] INFO  o.s.web.context.ContextLoader - Root WebApplicationContext: initialization completed in 2795 ms
23:25:41.055 [main] INFO  o.s.s.c.ThreadPoolTaskExecutor - Initializing ExecutorService 'applicationTaskExecutor'
23:25:41.439 [main] INFO  c.a.d.s.b.a.DruidDataSourceAutoConfigure - Init DruidDataSource
23:25:42.621 [main] INFO  c.alibaba.druid.pool.DruidDataSource - {dataSource-1} inited
23:25:42.838 [main] INFO  o.a.coyote.http11.Http11NioProtocol - Starting ProtocolHandler ["http-nio-auto-1"]
23:25:42.874 [main] INFO  o.s.b.w.e.tomcat.TomcatWebServer - Tomcat started on port(s): 50974 (http) with context path ''
23:25:42.880 [main] INFO  c.x.h.s.b.HelloSpringBootApplicationTests - Started HelloSpringBootApplicationTests in 5.785 seconds (JVM running for 7.579)
23:26:10.844 [SpringContextShutdownHook] INFO  c.alibaba.druid.pool.DruidDataSource - {dataSource-1} closing ...
23:26:10.855 [SpringContextShutdownHook] INFO  c.alibaba.druid.pool.DruidDataSource - {dataSource-1} closed
23:26:10.856 [SpringContextShutdownHook] INFO  o.s.s.c.ThreadPoolTaskExecutor - Shutting down ExecutorService 'applicationTaskExecutor'
23:26:28.540 [main] INFO  o.s.b.t.c.SpringBootTestContextBootstrapper - Neither @ContextConfiguration nor @ContextHierarchy found for test class [com.xdx.hello.spring.boot.HelloSpringBootApplicationTests], using SpringBootContextLoader
23:26:28.549 [main] INFO  o.s.t.c.s.AbstractContextLoader - Could not detect default resource locations for test class [com.xdx.hello.spring.boot.HelloSpringBootApplicationTests]: no resource found for suffixes {-context.xml, Context.groovy}.
23:26:28.830 [main] INFO  o.s.b.t.c.SpringBootTestContextBootstrapper - Loaded default TestExecutionListener class names from location [META-INF/spring.factories]: [org.springframework.boot.test.mock.mockito.MockitoTestExecutionListener, org.springframework.boot.test.mock.mockito.ResetMocksTestExecutionListener, org.springframework.boot.test.autoconfigure.restdocs.RestDocsTestExecutionListener, org.springframework.boot.test.autoconfigure.web.client.MockRestServiceServerResetTestExecutionListener, org.springframework.boot.test.autoconfigure.web.servlet.MockMvcPrintOnlyOnFailureTestExecutionListener, org.springframework.boot.test.autoconfigure.web.servlet.WebDriverTestExecutionListener, org.springframework.test.context.web.ServletTestExecutionListener, org.springframework.test.context.support.DirtiesContextBeforeModesTestExecutionListener, org.springframework.test.context.support.DependencyInjectionTestExecutionListener, org.springframework.test.context.support.DirtiesContextTestExecutionListener, org.springframework.test.context.transaction.TransactionalTestExecutionListener, org.springframework.test.context.jdbc.SqlScriptsTestExecutionListener, org.springframework.test.context.event.EventPublishingTestExecutionListener]
23:26:28.854 [main] INFO  o.s.b.t.c.SpringBootTestContextBootstrapper - Using TestExecutionListeners: [org.springframework.test.context.web.ServletTestExecutionListener@26a4842b, org.springframework.test.context.support.DirtiesContextBeforeModesTestExecutionListener@7e38a7fe, org.springframework.boot.test.mock.mockito.MockitoTestExecutionListener@366ef90e, org.springframework.boot.test.autoconfigure.SpringBootDependencyInjectionTestExecutionListener@33e01298, org.springframework.test.context.support.DirtiesContextTestExecutionListener@31e75d13, org.springframework.test.context.transaction.TransactionalTestExecutionListener@a5b0b86, org.springframework.test.context.jdbc.SqlScriptsTestExecutionListener@4b3c354a, org.springframework.test.context.event.EventPublishingTestExecutionListener@78fb9a67, org.springframework.boot.test.mock.mockito.ResetMocksTestExecutionListener@73ff4fae, org.springframework.boot.test.autoconfigure.restdocs.RestDocsTestExecutionListener@21aa6d6c, org.springframework.boot.test.autoconfigure.web.client.MockRestServiceServerResetTestExecutionListener@b968a76, org.springframework.boot.test.autoconfigure.web.servlet.MockMvcPrintOnlyOnFailureTestExecutionListener@2f9a01c1, org.springframework.boot.test.autoconfigure.web.servlet.WebDriverTestExecutionListener@2611b9a3]
23:26:29.621 [main] INFO  c.x.h.s.b.HelloSpringBootApplicationTests - Starting HelloSpringBootApplicationTests on PC-2019HWL with PID 6232 (started by Administrator in D:\xdxgit\微服务学习\hello-spring-boot)
23:26:29.622 [main] INFO  c.x.h.s.b.HelloSpringBootApplicationTests - The following profiles are active: dev
23:26:31.907 [main] INFO  o.s.b.w.e.tomcat.TomcatWebServer - Tomcat initialized with port(s): 0 (http)
23:26:31.923 [main] INFO  o.a.coyote.http11.Http11NioProtocol - Initializing ProtocolHandler ["http-nio-auto-1"]
23:26:31.924 [main] INFO  o.a.catalina.core.StandardService - Starting service [Tomcat]
23:26:31.924 [main] INFO  o.a.catalina.core.StandardEngine - Starting Servlet engine: [Apache Tomcat/9.0.29]
23:26:32.085 [main] INFO  o.a.c.c.C.[Tomcat].[localhost].[/] - Initializing Spring embedded WebApplicationContext
23:26:32.086 [main] INFO  o.s.web.context.ContextLoader - Root WebApplicationContext: initialization completed in 2439 ms
23:26:32.550 [main] INFO  o.s.s.c.ThreadPoolTaskExecutor - Initializing ExecutorService 'applicationTaskExecutor'
23:26:32.972 [main] INFO  c.a.d.s.b.a.DruidDataSourceAutoConfigure - Init DruidDataSource
23:26:34.110 [main] INFO  c.alibaba.druid.pool.DruidDataSource - {dataSource-1} inited
23:26:34.335 [main] INFO  o.a.coyote.http11.Http11NioProtocol - Starting ProtocolHandler ["http-nio-auto-1"]
23:26:34.369 [main] INFO  o.s.b.w.e.tomcat.TomcatWebServer - Tomcat started on port(s): 50996 (http) with context path ''
23:26:34.373 [main] INFO  c.x.h.s.b.HelloSpringBootApplicationTests - Started HelloSpringBootApplicationTests in 5.427 seconds (JVM running for 7.084)
23:26:43.550 [SpringContextShutdownHook] INFO  c.alibaba.druid.pool.DruidDataSource - {dataSource-1} closing ...
23:26:43.562 [SpringContextShutdownHook] INFO  c.alibaba.druid.pool.DruidDataSource - {dataSource-1} closed
23:26:43.563 [SpringContextShutdownHook] INFO  o.s.s.c.ThreadPoolTaskExecutor - Shutting down ExecutorService 'applicationTaskExecutor'
23:27:23.337 [main] INFO  o.s.b.t.c.SpringBootTestContextBootstrapper - Neither @ContextConfiguration nor @ContextHierarchy found for test class [com.xdx.hello.spring.boot.HelloSpringBootApplicationTests], using SpringBootContextLoader
23:27:23.344 [main] INFO  o.s.t.c.s.AbstractContextLoader - Could not detect default resource locations for test class [com.xdx.hello.spring.boot.HelloSpringBootApplicationTests]: no resource found for suffixes {-context.xml, Context.groovy}.
23:27:23.588 [main] INFO  o.s.b.t.c.SpringBootTestContextBootstrapper - Loaded default TestExecutionListener class names from location [META-INF/spring.factories]: [org.springframework.boot.test.mock.mockito.MockitoTestExecutionListener, org.springframework.boot.test.mock.mockito.ResetMocksTestExecutionListener, org.springframework.boot.test.autoconfigure.restdocs.RestDocsTestExecutionListener, org.springframework.boot.test.autoconfigure.web.client.MockRestServiceServerResetTestExecutionListener, org.springframework.boot.test.autoconfigure.web.servlet.MockMvcPrintOnlyOnFailureTestExecutionListener, org.springframework.boot.test.autoconfigure.web.servlet.WebDriverTestExecutionListener, org.springframework.test.context.web.ServletTestExecutionListener, org.springframework.test.context.support.DirtiesContextBeforeModesTestExecutionListener, org.springframework.test.context.support.DependencyInjectionTestExecutionListener, org.springframework.test.context.support.DirtiesContextTestExecutionListener, org.springframework.test.context.transaction.TransactionalTestExecutionListener, org.springframework.test.context.jdbc.SqlScriptsTestExecutionListener, org.springframework.test.context.event.EventPublishingTestExecutionListener]
23:27:23.608 [main] INFO  o.s.b.t.c.SpringBootTestContextBootstrapper - Using TestExecutionListeners: [org.springframework.test.context.web.ServletTestExecutionListener@4b520ea8, org.springframework.test.context.support.DirtiesContextBeforeModesTestExecutionListener@16150369, org.springframework.boot.test.mock.mockito.MockitoTestExecutionListener@6b09fb41, org.springframework.boot.test.autoconfigure.SpringBootDependencyInjectionTestExecutionListener@624ea235, org.springframework.test.context.support.DirtiesContextTestExecutionListener@3932c79a, org.springframework.test.context.transaction.TransactionalTestExecutionListener@782859e, org.springframework.test.context.jdbc.SqlScriptsTestExecutionListener@23f5b5dc, org.springframework.test.context.event.EventPublishingTestExecutionListener@34bde49d, org.springframework.boot.test.mock.mockito.ResetMocksTestExecutionListener@1b1cfb87, org.springframework.boot.test.autoconfigure.restdocs.RestDocsTestExecutionListener@821330f, org.springframework.boot.test.autoconfigure.web.client.MockRestServiceServerResetTestExecutionListener@6f43c82, org.springframework.boot.test.autoconfigure.web.servlet.MockMvcPrintOnlyOnFailureTestExecutionListener@5db6b9cd, org.springframework.boot.test.autoconfigure.web.servlet.WebDriverTestExecutionListener@210ab13f]
23:27:24.311 [main] INFO  c.x.h.s.b.HelloSpringBootApplicationTests - Starting HelloSpringBootApplicationTests on PC-2019HWL with PID 9516 (started by Administrator in D:\xdxgit\微服务学习\hello-spring-boot)
23:27:24.312 [main] INFO  c.x.h.s.b.HelloSpringBootApplicationTests - The following profiles are active: dev
23:27:26.499 [main] INFO  o.s.b.w.e.tomcat.TomcatWebServer - Tomcat initialized with port(s): 0 (http)
23:27:26.512 [main] INFO  o.a.coyote.http11.Http11NioProtocol - Initializing ProtocolHandler ["http-nio-auto-1"]
23:27:26.512 [main] INFO  o.a.catalina.core.StandardService - Starting service [Tomcat]
23:27:26.513 [main] INFO  o.a.catalina.core.StandardEngine - Starting Servlet engine: [Apache Tomcat/9.0.29]
23:27:26.680 [main] INFO  o.a.c.c.C.[Tomcat].[localhost].[/] - Initializing Spring embedded WebApplicationContext
23:27:26.680 [main] INFO  o.s.web.context.ContextLoader - Root WebApplicationContext: initialization completed in 2347 ms
23:27:27.106 [main] INFO  o.s.s.c.ThreadPoolTaskExecutor - Initializing ExecutorService 'applicationTaskExecutor'
23:27:27.447 [main] INFO  c.a.d.s.b.a.DruidDataSourceAutoConfigure - Init DruidDataSource
23:27:28.647 [main] INFO  c.alibaba.druid.pool.DruidDataSource - {dataSource-1} inited
23:27:28.851 [main] INFO  o.a.coyote.http11.Http11NioProtocol - Starting ProtocolHandler ["http-nio-auto-1"]
23:27:28.882 [main] INFO  o.s.b.w.e.tomcat.TomcatWebServer - Tomcat started on port(s): 51019 (http) with context path ''
23:27:28.886 [main] INFO  c.x.h.s.b.HelloSpringBootApplicationTests - Started HelloSpringBootApplicationTests in 5.219 seconds (JVM running for 6.687)
23:27:29.258 [http-nio-auto-1-exec-1] INFO  o.a.c.c.C.[Tomcat].[localhost].[/] - Initializing Spring DispatcherServlet 'dispatcherServlet'
23:27:29.260 [http-nio-auto-1-exec-1] INFO  o.s.web.servlet.DispatcherServlet - Initializing Servlet 'dispatcherServlet'
23:27:29.291 [http-nio-auto-1-exec-1] INFO  o.s.web.servlet.DispatcherServlet - Completed initialization in 31 ms
23:27:29.325 [http-nio-auto-1-exec-1] INFO  c.x.h.s.b.HelloSpringBootApplication - 这是一条日志消息
23:27:29.325 [http-nio-auto-1-exec-1] ERROR c.x.h.s.b.HelloSpringBootApplication - 这是一条error信息
23:27:29.380 [SpringContextShutdownHook] INFO  c.alibaba.druid.pool.DruidDataSource - {dataSource-1} closing ...
23:27:29.389 [SpringContextShutdownHook] INFO  c.alibaba.druid.pool.DruidDataSource - {dataSource-1} closed
23:27:29.391 [SpringContextShutdownHook] INFO  o.s.s.c.ThreadPoolTaskExecutor - Shutting down ExecutorService 'applicationTaskExecutor'
23:27:58.760 [main] INFO  o.s.b.t.c.SpringBootTestContextBootstrapper - Neither @ContextConfiguration nor @ContextHierarchy found for test class [com.xdx.hello.spring.boot.HelloSpringBootApplicationTests], using SpringBootContextLoader
23:27:58.769 [main] INFO  o.s.t.c.s.AbstractContextLoader - Could not detect default resource locations for test class [com.xdx.hello.spring.boot.HelloSpringBootApplicationTests]: no resource found for suffixes {-context.xml, Context.groovy}.
23:27:59.005 [main] INFO  o.s.b.t.c.SpringBootTestContextBootstrapper - Loaded default TestExecutionListener class names from location [META-INF/spring.factories]: [org.springframework.boot.test.mock.mockito.MockitoTestExecutionListener, org.springframework.boot.test.mock.mockito.ResetMocksTestExecutionListener, org.springframework.boot.test.autoconfigure.restdocs.RestDocsTestExecutionListener, org.springframework.boot.test.autoconfigure.web.client.MockRestServiceServerResetTestExecutionListener, org.springframework.boot.test.autoconfigure.web.servlet.MockMvcPrintOnlyOnFailureTestExecutionListener, org.springframework.boot.test.autoconfigure.web.servlet.WebDriverTestExecutionListener, org.springframework.test.context.web.ServletTestExecutionListener, org.springframework.test.context.support.DirtiesContextBeforeModesTestExecutionListener, org.springframework.test.context.support.DependencyInjectionTestExecutionListener, org.springframework.test.context.support.DirtiesContextTestExecutionListener, org.springframework.test.context.transaction.TransactionalTestExecutionListener, org.springframework.test.context.jdbc.SqlScriptsTestExecutionListener, org.springframework.test.context.event.EventPublishingTestExecutionListener]
23:27:59.026 [main] INFO  o.s.b.t.c.SpringBootTestContextBootstrapper - Using TestExecutionListeners: [org.springframework.test.context.web.ServletTestExecutionListener@4b520ea8, org.springframework.test.context.support.DirtiesContextBeforeModesTestExecutionListener@16150369, org.springframework.boot.test.mock.mockito.MockitoTestExecutionListener@6b09fb41, org.springframework.boot.test.autoconfigure.SpringBootDependencyInjectionTestExecutionListener@624ea235, org.springframework.test.context.support.DirtiesContextTestExecutionListener@3932c79a, org.springframework.test.context.transaction.TransactionalTestExecutionListener@782859e, org.springframework.test.context.jdbc.SqlScriptsTestExecutionListener@23f5b5dc, org.springframework.test.context.event.EventPublishingTestExecutionListener@34bde49d, org.springframework.boot.test.mock.mockito.ResetMocksTestExecutionListener@1b1cfb87, org.springframework.boot.test.autoconfigure.restdocs.RestDocsTestExecutionListener@821330f, org.springframework.boot.test.autoconfigure.web.client.MockRestServiceServerResetTestExecutionListener@6f43c82, org.springframework.boot.test.autoconfigure.web.servlet.MockMvcPrintOnlyOnFailureTestExecutionListener@5db6b9cd, org.springframework.boot.test.autoconfigure.web.servlet.WebDriverTestExecutionListener@210ab13f]
23:27:59.847 [main] INFO  c.x.h.s.b.HelloSpringBootApplicationTests - Starting HelloSpringBootApplicationTests on PC-2019HWL with PID 5608 (started by Administrator in D:\xdxgit\微服务学习\hello-spring-boot)
23:27:59.848 [main] INFO  c.x.h.s.b.HelloSpringBootApplicationTests - The following profiles are active: dev
23:28:01.930 [main] INFO  o.s.b.w.e.tomcat.TomcatWebServer - Tomcat initialized with port(s): 0 (http)
23:28:01.943 [main] INFO  o.a.coyote.http11.Http11NioProtocol - Initializing ProtocolHandler ["http-nio-auto-1"]
23:28:01.944 [main] INFO  o.a.catalina.core.StandardService - Starting service [Tomcat]
23:28:01.944 [main] INFO  o.a.catalina.core.StandardEngine - Starting Servlet engine: [Apache Tomcat/9.0.29]
23:28:02.094 [main] INFO  o.a.c.c.C.[Tomcat].[localhost].[/] - Initializing Spring embedded WebApplicationContext
23:28:02.094 [main] INFO  o.s.web.context.ContextLoader - Root WebApplicationContext: initialization completed in 2221 ms
23:28:02.543 [main] INFO  o.s.s.c.ThreadPoolTaskExecutor - Initializing ExecutorService 'applicationTaskExecutor'
23:28:02.838 [main] INFO  c.a.d.s.b.a.DruidDataSourceAutoConfigure - Init DruidDataSource
23:28:03.880 [main] INFO  c.alibaba.druid.pool.DruidDataSource - {dataSource-1} inited
23:28:04.117 [main] INFO  o.a.coyote.http11.Http11NioProtocol - Starting ProtocolHandler ["http-nio-auto-1"]
23:28:04.161 [main] INFO  o.s.b.w.e.tomcat.TomcatWebServer - Tomcat started on port(s): 51044 (http) with context path ''
23:28:04.170 [main] INFO  c.x.h.s.b.HelloSpringBootApplicationTests - Started HelloSpringBootApplicationTests in 5.091 seconds (JVM running for 6.57)
23:28:04.638 [http-nio-auto-1-exec-3] INFO  o.a.c.c.C.[Tomcat].[localhost].[/] - Initializing Spring DispatcherServlet 'dispatcherServlet'
23:28:04.638 [http-nio-auto-1-exec-3] INFO  o.s.web.servlet.DispatcherServlet - Initializing Servlet 'dispatcherServlet'
23:28:04.665 [http-nio-auto-1-exec-3] INFO  o.s.web.servlet.DispatcherServlet - Completed initialization in 27 ms
23:28:04.691 [http-nio-auto-1-exec-3] INFO  c.x.h.s.b.HelloSpringBootApplication - 这是一条日志消息
23:28:04.691 [http-nio-auto-1-exec-3] ERROR c.x.h.s.b.HelloSpringBootApplication - 这是一条error信息
23:28:04.747 [SpringContextShutdownHook] INFO  c.alibaba.druid.pool.DruidDataSource - {dataSource-1} closing ...
23:28:04.757 [SpringContextShutdownHook] INFO  c.alibaba.druid.pool.DruidDataSource - {dataSource-1} closed
23:28:04.759 [SpringContextShutdownHook] INFO  o.s.s.c.ThreadPoolTaskExecutor - Shutting down ExecutorService 'applicationTaskExecutor'
23:29:04.698 [main] INFO  o.s.b.t.c.SpringBootTestContextBootstrapper - Neither @ContextConfiguration nor @ContextHierarchy found for test class [com.xdx.hello.spring.boot.HelloSpringBootApplicationTests], using SpringBootContextLoader
23:29:04.707 [main] INFO  o.s.t.c.s.AbstractContextLoader - Could not detect default resource locations for test class [com.xdx.hello.spring.boot.HelloSpringBootApplicationTests]: no resource found for suffixes {-context.xml, Context.groovy}.
23:29:04.940 [main] INFO  o.s.b.t.c.SpringBootTestContextBootstrapper - Loaded default TestExecutionListener class names from location [META-INF/spring.factories]: [org.springframework.boot.test.mock.mockito.MockitoTestExecutionListener, org.springframework.boot.test.mock.mockito.ResetMocksTestExecutionListener, org.springframework.boot.test.autoconfigure.restdocs.RestDocsTestExecutionListener, org.springframework.boot.test.autoconfigure.web.client.MockRestServiceServerResetTestExecutionListener, org.springframework.boot.test.autoconfigure.web.servlet.MockMvcPrintOnlyOnFailureTestExecutionListener, org.springframework.boot.test.autoconfigure.web.servlet.WebDriverTestExecutionListener, org.springframework.test.context.web.ServletTestExecutionListener, org.springframework.test.context.support.DirtiesContextBeforeModesTestExecutionListener, org.springframework.test.context.support.DependencyInjectionTestExecutionListener, org.springframework.test.context.support.DirtiesContextTestExecutionListener, org.springframework.test.context.transaction.TransactionalTestExecutionListener, org.springframework.test.context.jdbc.SqlScriptsTestExecutionListener, org.springframework.test.context.event.EventPublishingTestExecutionListener]
23:29:04.965 [main] INFO  o.s.b.t.c.SpringBootTestContextBootstrapper - Using TestExecutionListeners: [org.springframework.test.context.web.ServletTestExecutionListener@4b520ea8, org.springframework.test.context.support.DirtiesContextBeforeModesTestExecutionListener@16150369, org.springframework.boot.test.mock.mockito.MockitoTestExecutionListener@6b09fb41, org.springframework.boot.test.autoconfigure.SpringBootDependencyInjectionTestExecutionListener@624ea235, org.springframework.test.context.support.DirtiesContextTestExecutionListener@3932c79a, org.springframework.test.context.transaction.TransactionalTestExecutionListener@782859e, org.springframework.test.context.jdbc.SqlScriptsTestExecutionListener@23f5b5dc, org.springframework.test.context.event.EventPublishingTestExecutionListener@34bde49d, org.springframework.boot.test.mock.mockito.ResetMocksTestExecutionListener@1b1cfb87, org.springframework.boot.test.autoconfigure.restdocs.RestDocsTestExecutionListener@821330f, org.springframework.boot.test.autoconfigure.web.client.MockRestServiceServerResetTestExecutionListener@6f43c82, org.springframework.boot.test.autoconfigure.web.servlet.MockMvcPrintOnlyOnFailureTestExecutionListener@5db6b9cd, org.springframework.boot.test.autoconfigure.web.servlet.WebDriverTestExecutionListener@210ab13f]
23:29:05.781 [main] INFO  c.x.h.s.b.HelloSpringBootApplicationTests - Starting HelloSpringBootApplicationTests on PC-2019HWL with PID 9980 (started by Administrator in D:\xdxgit\微服务学习\hello-spring-boot)
23:29:05.782 [main] INFO  c.x.h.s.b.HelloSpringBootApplicationTests - The following profiles are active: dev
23:29:08.032 [main] INFO  o.s.b.w.e.tomcat.TomcatWebServer - Tomcat initialized with port(s): 0 (http)
23:29:08.046 [main] INFO  o.a.coyote.http11.Http11NioProtocol - Initializing ProtocolHandler ["http-nio-auto-1"]
23:29:08.047 [main] INFO  o.a.catalina.core.StandardService - Starting service [Tomcat]
23:29:08.047 [main] INFO  o.a.catalina.core.StandardEngine - Starting Servlet engine: [Apache Tomcat/9.0.29]
23:29:08.203 [main] INFO  o.a.c.c.C.[Tomcat].[localhost].[/] - Initializing Spring embedded WebApplicationContext
23:29:08.203 [main] INFO  o.s.web.context.ContextLoader - Root WebApplicationContext: initialization completed in 2398 ms
23:29:08.630 [main] INFO  o.s.s.c.ThreadPoolTaskExecutor - Initializing ExecutorService 'applicationTaskExecutor'
23:29:08.973 [main] INFO  c.a.d.s.b.a.DruidDataSourceAutoConfigure - Init DruidDataSource
23:29:10.068 [main] INFO  c.alibaba.druid.pool.DruidDataSource - {dataSource-1} inited
23:29:10.243 [main] INFO  o.a.coyote.http11.Http11NioProtocol - Starting ProtocolHandler ["http-nio-auto-1"]
23:29:10.272 [main] INFO  o.s.b.w.e.tomcat.TomcatWebServer - Tomcat started on port(s): 51071 (http) with context path ''
23:29:10.277 [main] INFO  c.x.h.s.b.HelloSpringBootApplicationTests - Started HelloSpringBootApplicationTests in 5.237 seconds (JVM running for 6.653)
23:29:10.626 [http-nio-auto-1-exec-1] INFO  o.a.c.c.C.[Tomcat].[localhost].[/] - Initializing Spring DispatcherServlet 'dispatcherServlet'
23:29:10.627 [http-nio-auto-1-exec-1] INFO  o.s.web.servlet.DispatcherServlet - Initializing Servlet 'dispatcherServlet'
23:29:10.657 [http-nio-auto-1-exec-1] INFO  o.s.web.servlet.DispatcherServlet - Completed initialization in 29 ms
23:29:10.685 [http-nio-auto-1-exec-1] INFO  c.x.h.s.b.HelloSpringBootApplication - 这是一条日志消息
23:29:10.686 [http-nio-auto-1-exec-1] ERROR c.x.h.s.b.HelloSpringBootApplication - 这是一条error信息
23:29:10.756 [SpringContextShutdownHook] INFO  c.alibaba.druid.pool.DruidDataSource - {dataSource-1} closing ...
23:29:10.766 [SpringContextShutdownHook] INFO  c.alibaba.druid.pool.DruidDataSource - {dataSource-1} closed
23:29:10.766 [SpringContextShutdownHook] INFO  o.s.s.c.ThreadPoolTaskExecutor - Shutting down ExecutorService 'applicationTaskExecutor'
23:31:49.115 [main] INFO  o.s.b.t.c.SpringBootTestContextBootstrapper - Neither @ContextConfiguration nor @ContextHierarchy found for test class [com.xdx.hello.spring.boot.HelloSpringBootApplicationTests], using SpringBootContextLoader
23:31:49.123 [main] INFO  o.s.t.c.s.AbstractContextLoader - Could not detect default resource locations for test class [com.xdx.hello.spring.boot.HelloSpringBootApplicationTests]: no resource found for suffixes {-context.xml, Context.groovy}.
23:31:49.363 [main] INFO  o.s.b.t.c.SpringBootTestContextBootstrapper - Loaded default TestExecutionListener class names from location [META-INF/spring.factories]: [org.springframework.boot.test.mock.mockito.MockitoTestExecutionListener, org.springframework.boot.test.mock.mockito.ResetMocksTestExecutionListener, org.springframework.boot.test.autoconfigure.restdocs.RestDocsTestExecutionListener, org.springframework.boot.test.autoconfigure.web.client.MockRestServiceServerResetTestExecutionListener, org.springframework.boot.test.autoconfigure.web.servlet.MockMvcPrintOnlyOnFailureTestExecutionListener, org.springframework.boot.test.autoconfigure.web.servlet.WebDriverTestExecutionListener, org.springframework.test.context.web.ServletTestExecutionListener, org.springframework.test.context.support.DirtiesContextBeforeModesTestExecutionListener, org.springframework.test.context.support.DependencyInjectionTestExecutionListener, org.springframework.test.context.support.DirtiesContextTestExecutionListener, org.springframework.test.context.transaction.TransactionalTestExecutionListener, org.springframework.test.context.jdbc.SqlScriptsTestExecutionListener, org.springframework.test.context.event.EventPublishingTestExecutionListener]
23:31:49.381 [main] INFO  o.s.b.t.c.SpringBootTestContextBootstrapper - Using TestExecutionListeners: [org.springframework.test.context.web.ServletTestExecutionListener@5a5a729f, org.springframework.test.context.support.DirtiesContextBeforeModesTestExecutionListener@4b520ea8, org.springframework.boot.test.mock.mockito.MockitoTestExecutionListener@16150369, org.springframework.boot.test.autoconfigure.SpringBootDependencyInjectionTestExecutionListener@6b09fb41, org.springframework.test.context.support.DirtiesContextTestExecutionListener@624ea235, org.springframework.test.context.transaction.TransactionalTestExecutionListener@3932c79a, org.springframework.test.context.jdbc.SqlScriptsTestExecutionListener@782859e, org.springframework.test.context.event.EventPublishingTestExecutionListener@23f5b5dc, org.springframework.boot.test.mock.mockito.ResetMocksTestExecutionListener@34bde49d, org.springframework.boot.test.autoconfigure.restdocs.RestDocsTestExecutionListener@1b1cfb87, org.springframework.boot.test.autoconfigure.web.client.MockRestServiceServerResetTestExecutionListener@821330f, org.springframework.boot.test.autoconfigure.web.servlet.MockMvcPrintOnlyOnFailureTestExecutionListener@6f43c82, org.springframework.boot.test.autoconfigure.web.servlet.WebDriverTestExecutionListener@5db6b9cd]
23:31:50.302 [main] INFO  c.x.h.s.b.HelloSpringBootApplicationTests - Starting HelloSpringBootApplicationTests on PC-2019HWL with PID 3212 (started by Administrator in D:\xdxgit\微服务学习\hello-spring-boot)
23:31:50.304 [main] INFO  c.x.h.s.b.HelloSpringBootApplicationTests - The following profiles are active: dev
23:31:52.552 [main] INFO  o.s.b.w.e.tomcat.TomcatWebServer - Tomcat initialized with port(s): 0 (http)
23:31:52.566 [main] INFO  o.a.coyote.http11.Http11NioProtocol - Initializing ProtocolHandler ["http-nio-auto-1"]
23:31:52.567 [main] INFO  o.a.catalina.core.StandardService - Starting service [Tomcat]
23:31:52.567 [main] INFO  o.a.catalina.core.StandardEngine - Starting Servlet engine: [Apache Tomcat/9.0.29]
23:31:52.718 [main] INFO  o.a.c.c.C.[Tomcat].[localhost].[/] - Initializing Spring embedded WebApplicationContext
23:31:52.718 [main] INFO  o.s.web.context.ContextLoader - Root WebApplicationContext: initialization completed in 2371 ms
23:31:53.162 [main] INFO  o.s.s.c.ThreadPoolTaskExecutor - Initializing ExecutorService 'applicationTaskExecutor'
23:31:53.556 [main] INFO  c.a.d.s.b.a.DruidDataSourceAutoConfigure - Init DruidDataSource
23:31:54.760 [main] INFO  c.alibaba.druid.pool.DruidDataSource - {dataSource-1} inited
23:31:54.971 [main] INFO  o.a.coyote.http11.Http11NioProtocol - Starting ProtocolHandler ["http-nio-auto-1"]
23:31:55.006 [main] INFO  o.s.b.w.e.tomcat.TomcatWebServer - Tomcat started on port(s): 51272 (http) with context path ''
23:31:55.011 [main] INFO  c.x.h.s.b.HelloSpringBootApplicationTests - Started HelloSpringBootApplicationTests in 5.579 seconds (JVM running for 6.973)
23:31:55.242 [main] INFO  c.x.h.s.b.HelloSpringBootApplicationTests - 在运行之前执行
23:31:55.372 [http-nio-auto-1-exec-2] INFO  o.a.c.c.C.[Tomcat].[localhost].[/] - Initializing Spring DispatcherServlet 'dispatcherServlet'
23:31:55.372 [http-nio-auto-1-exec-2] INFO  o.s.web.servlet.DispatcherServlet - Initializing Servlet 'dispatcherServlet'
23:31:55.404 [http-nio-auto-1-exec-2] INFO  o.s.web.servlet.DispatcherServlet - Completed initialization in 32 ms
23:31:55.433 [http-nio-auto-1-exec-2] INFO  c.x.h.s.b.HelloSpringBootApplication - 这是一条日志消息
23:31:55.433 [http-nio-auto-1-exec-2] ERROR c.x.h.s.b.HelloSpringBootApplication - 这是一条error信息
23:31:55.521 [SpringContextShutdownHook] INFO  c.alibaba.druid.pool.DruidDataSource - {dataSource-1} closing ...
23:31:55.533 [SpringContextShutdownHook] INFO  c.alibaba.druid.pool.DruidDataSource - {dataSource-1} closed
23:31:55.535 [SpringContextShutdownHook] INFO  o.s.s.c.ThreadPoolTaskExecutor - Shutting down ExecutorService 'applicationTaskExecutor'
23:56:10.308 [main] INFO  o.s.b.t.c.SpringBootTestContextBootstrapper - Neither @ContextConfiguration nor @ContextHierarchy found for test class [com.xdx.hello.spring.boot.HelloSpringBootApplicationTests], using SpringBootContextLoader
23:56:10.316 [main] INFO  o.s.t.c.s.AbstractContextLoader - Could not detect default resource locations for test class [com.xdx.hello.spring.boot.HelloSpringBootApplicationTests]: no resource found for suffixes {-context.xml, Context.groovy}.
23:56:10.619 [main] INFO  o.s.b.t.c.SpringBootTestContextBootstrapper - Loaded default TestExecutionListener class names from location [META-INF/spring.factories]: [org.springframework.boot.test.mock.mockito.MockitoTestExecutionListener, org.springframework.boot.test.mock.mockito.ResetMocksTestExecutionListener, org.springframework.boot.test.autoconfigure.restdocs.RestDocsTestExecutionListener, org.springframework.boot.test.autoconfigure.web.client.MockRestServiceServerResetTestExecutionListener, org.springframework.boot.test.autoconfigure.web.servlet.MockMvcPrintOnlyOnFailureTestExecutionListener, org.springframework.boot.test.autoconfigure.web.servlet.WebDriverTestExecutionListener, org.springframework.test.context.web.ServletTestExecutionListener, org.springframework.test.context.support.DirtiesContextBeforeModesTestExecutionListener, org.springframework.test.context.support.DependencyInjectionTestExecutionListener, org.springframework.test.context.support.DirtiesContextTestExecutionListener, org.springframework.test.context.transaction.TransactionalTestExecutionListener, org.springframework.test.context.jdbc.SqlScriptsTestExecutionListener, org.springframework.test.context.event.EventPublishingTestExecutionListener]
23:56:10.638 [main] INFO  o.s.b.t.c.SpringBootTestContextBootstrapper - Using TestExecutionListeners: [org.springframework.test.context.web.ServletTestExecutionListener@97e93f1, org.springframework.test.context.support.DirtiesContextBeforeModesTestExecutionListener@5a5a729f, org.springframework.boot.test.mock.mockito.MockitoTestExecutionListener@4b520ea8, org.springframework.boot.test.autoconfigure.SpringBootDependencyInjectionTestExecutionListener@16150369, org.springframework.test.context.support.DirtiesContextTestExecutionListener@6b09fb41, org.springframework.test.context.transaction.TransactionalTestExecutionListener@624ea235, org.springframework.test.context.jdbc.SqlScriptsTestExecutionListener@3932c79a, org.springframework.test.context.event.EventPublishingTestExecutionListener@782859e, org.springframework.boot.test.mock.mockito.ResetMocksTestExecutionListener@23f5b5dc, org.springframework.boot.test.autoconfigure.restdocs.RestDocsTestExecutionListener@34bde49d, org.springframework.boot.test.autoconfigure.web.client.MockRestServiceServerResetTestExecutionListener@1b1cfb87, org.springframework.boot.test.autoconfigure.web.servlet.MockMvcPrintOnlyOnFailureTestExecutionListener@821330f, org.springframework.boot.test.autoconfigure.web.servlet.WebDriverTestExecutionListener@6f43c82]
23:56:11.348 [main] INFO  c.x.h.s.b.HelloSpringBootApplicationTests - Starting HelloSpringBootApplicationTests on PC-2019HWL with PID 9812 (started by Administrator in D:\xdxgit\微服务学习\hello-spring-boot)
23:56:11.349 [main] INFO  c.x.h.s.b.HelloSpringBootApplicationTests - The following profiles are active: dev
23:56:13.545 [main] INFO  o.s.b.w.e.tomcat.TomcatWebServer - Tomcat initialized with port(s): 0 (http)
23:56:13.560 [main] INFO  o.a.coyote.http11.Http11NioProtocol - Initializing ProtocolHandler ["http-nio-auto-1"]
23:56:13.561 [main] INFO  o.a.catalina.core.StandardService - Starting service [Tomcat]
23:56:13.561 [main] INFO  o.a.catalina.core.StandardEngine - Starting Servlet engine: [Apache Tomcat/9.0.29]
23:56:13.768 [main] INFO  o.a.c.c.C.[Tomcat].[localhost].[/] - Initializing Spring embedded WebApplicationContext
23:56:13.769 [main] INFO  o.s.web.context.ContextLoader - Root WebApplicationContext: initialization completed in 2397 ms
23:56:14.237 [main] INFO  o.s.s.c.ThreadPoolTaskExecutor - Initializing ExecutorService 'applicationTaskExecutor'
23:56:14.541 [main] INFO  c.a.d.s.b.a.DruidDataSourceAutoConfigure - Init DruidDataSource
23:56:15.663 [main] INFO  c.alibaba.druid.pool.DruidDataSource - {dataSource-1} inited
23:56:15.866 [main] INFO  o.a.coyote.http11.Http11NioProtocol - Starting ProtocolHandler ["http-nio-auto-1"]
23:56:15.907 [main] INFO  o.s.b.w.e.tomcat.TomcatWebServer - Tomcat started on port(s): 51708 (http) with context path ''
23:56:15.915 [main] INFO  c.x.h.s.b.HelloSpringBootApplicationTests - Started HelloSpringBootApplicationTests in 5.185 seconds (JVM running for 6.765)
23:56:16.179 [main] INFO  c.x.h.s.b.HelloSpringBootApplicationTests - 在每个测试方法运行之前执行
23:56:16.364 [http-nio-auto-1-exec-1] INFO  o.a.c.c.C.[Tomcat].[localhost].[/] - Initializing Spring DispatcherServlet 'dispatcherServlet'
23:56:16.364 [http-nio-auto-1-exec-1] INFO  o.s.web.servlet.DispatcherServlet - Initializing Servlet 'dispatcherServlet'
23:56:16.394 [http-nio-auto-1-exec-1] INFO  o.s.web.servlet.DispatcherServlet - Completed initialization in 30 ms
23:56:16.508 [SpringContextShutdownHook] INFO  c.alibaba.druid.pool.DruidDataSource - {dataSource-1} closing ...
23:56:16.617 [SpringContextShutdownHook] INFO  c.alibaba.druid.pool.DruidDataSource - {dataSource-1} closed
23:56:16.618 [SpringContextShutdownHook] INFO  o.s.s.c.ThreadPoolTaskExecutor - Shutting down ExecutorService 'applicationTaskExecutor'
