21:39:38.183 [main] INFO  c.x.h.s.b.HelloSpringBootApplication - Starting HelloSpringBootApplication on PC-2019HWL with PID 884 (started by Administrator in D:\xdxgit\微服务学习\hello-spring-boot)
21:39:38.187 [main] INFO  c.x.h.s.b.HelloSpringBootApplication - The following profiles are active: test
21:39:39.623 [main] WARN  o.m.s.mapper.ClassPathMapperScanner - No MyBatis mapper was found in '[com.xdx.hello.spring.boot]' package. Please check your configuration.
21:39:40.908 [main] INFO  o.s.b.w.e.tomcat.TomcatWebServer - Tomcat initialized with port(s): 8080 (http)
21:39:40.925 [main] INFO  o.a.coyote.http11.Http11NioProtocol - Initializing ProtocolHandler ["http-nio-8080"]
21:39:40.926 [main] INFO  o.a.catalina.core.StandardService - Starting service [Tomcat]
21:39:40.926 [main] INFO  o.a.catalina.core.StandardEngine - Starting Servlet engine: [Apache Tomcat/9.0.29]
21:39:41.086 [main] INFO  o.a.c.c.C.[Tomcat].[localhost].[/] - Initializing Spring embedded WebApplicationContext
21:39:41.086 [main] INFO  o.s.web.context.ContextLoader - Root WebApplicationContext: initialization completed in 2703 ms
21:39:41.264 [main] INFO  c.a.d.s.b.a.DruidDataSourceAutoConfigure - Init DruidDataSource
21:39:42.444 [main] INFO  c.x.h.spring.boot.druid.CustomFilter - 连接开始前
21:39:42.815 [main] INFO  c.x.h.spring.boot.druid.CustomFilter - 连接连接结束后
21:39:42.820 [main] INFO  c.x.h.spring.boot.druid.CustomFilter - 连接开始前
21:39:42.836 [main] INFO  c.x.h.spring.boot.druid.CustomFilter - 连接连接结束后
21:39:42.839 [main] INFO  c.x.h.spring.boot.druid.CustomFilter - 连接开始前
21:39:42.855 [main] INFO  c.x.h.spring.boot.druid.CustomFilter - 连接连接结束后
21:39:42.858 [main] INFO  c.x.h.spring.boot.druid.CustomFilter - 连接开始前
21:39:42.879 [main] INFO  c.x.h.spring.boot.druid.CustomFilter - 连接连接结束后
21:39:42.883 [main] INFO  c.x.h.spring.boot.druid.CustomFilter - 连接开始前
21:39:42.907 [main] INFO  c.x.h.spring.boot.druid.CustomFilter - 连接连接结束后
21:39:42.924 [main] INFO  c.alibaba.druid.pool.DruidDataSource - {dataSource-1} inited
21:39:44.002 [main] INFO  o.s.s.c.ThreadPoolTaskExecutor - Initializing ExecutorService 'applicationTaskExecutor'
21:39:44.875 [main] INFO  o.a.coyote.http11.Http11NioProtocol - Starting ProtocolHandler ["http-nio-8080"]
21:39:44.906 [main] INFO  o.s.b.w.e.tomcat.TomcatWebServer - Tomcat started on port(s): 8080 (http) with context path ''
21:39:45.561 [main] INFO  c.x.h.s.b.HelloSpringBootApplication - Started HelloSpringBootApplication in 7.951 seconds (JVM running for 10.148)
21:39:45.561 [main] INFO  c.x.h.s.b.HelloSpringBootApplication -  xdx is test
21:39:45.561 [main] INFO  c.x.h.s.b.HelloSpringBootApplication - xdx,lqf
21:39:45.561 [main] INFO  c.x.h.s.b.HelloSpringBootApplication - 数据源：{
	CreateTime:"2020-01-31 21:39:41",
	ActiveCount:0,
	PoolingCount:5,
	CreateCount:5,
	DestroyCount:0,
	CloseCount:0,
	ConnectCount:0,
	Connections:[
		{ID:2035225037, ConnectTime:"2020-01-31 21:39:42", UseCount:0, LastActiveTime:"2020-01-31 21:39:42"},
		{ID:1902069190, ConnectTime:"2020-01-31 21:39:42", UseCount:0, LastActiveTime:"2020-01-31 21:39:42"},
		{ID:1566327269, ConnectTime:"2020-01-31 21:39:42", UseCount:0, LastActiveTime:"2020-01-31 21:39:42"},
		{ID:1126454617, ConnectTime:"2020-01-31 21:39:42", UseCount:0, LastActiveTime:"2020-01-31 21:39:42"},
		{ID:1122297225, ConnectTime:"2020-01-31 21:39:42", UseCount:0, LastActiveTime:"2020-01-31 21:39:42"}
	]
}
21:39:45.577 [main] INFO  c.x.h.s.b.HelloSpringBootApplication - 数据连接com.alibaba.druid.proxy.jdbc.ConnectionProxyImpl@42e4e589
21:42:31.527 [http-nio-8080-exec-4] INFO  o.a.c.c.C.[Tomcat].[localhost].[/] - Initializing Spring DispatcherServlet 'dispatcherServlet'
21:42:31.527 [http-nio-8080-exec-4] INFO  o.s.web.servlet.DispatcherServlet - Initializing Servlet 'dispatcherServlet'
21:42:31.542 [http-nio-8080-exec-4] INFO  o.s.web.servlet.DispatcherServlet - Completed initialization in 15 ms
21:43:17.162 [main] INFO  c.x.h.s.b.HelloSpringBootApplication - Starting HelloSpringBootApplication on PC-2019HWL with PID 9128 (started by Administrator in D:\xdxgit\微服务学习\hello-spring-boot)
21:43:17.162 [main] INFO  c.x.h.s.b.HelloSpringBootApplication - The following profiles are active: test
21:43:18.628 [main] WARN  o.m.s.mapper.ClassPathMapperScanner - No MyBatis mapper was found in '[com.xdx.hello.spring.boot]' package. Please check your configuration.
21:43:19.549 [main] INFO  o.s.b.w.e.tomcat.TomcatWebServer - Tomcat initialized with port(s): 8080 (http)
21:43:19.564 [main] INFO  o.a.coyote.http11.Http11NioProtocol - Initializing ProtocolHandler ["http-nio-8080"]
21:43:19.564 [main] INFO  o.a.catalina.core.StandardService - Starting service [Tomcat]
21:43:19.564 [main] INFO  o.a.catalina.core.StandardEngine - Starting Servlet engine: [Apache Tomcat/9.0.29]
21:43:19.689 [main] INFO  o.a.c.c.C.[Tomcat].[localhost].[/] - Initializing Spring embedded WebApplicationContext
21:43:19.689 [main] INFO  o.s.web.context.ContextLoader - Root WebApplicationContext: initialization completed in 2371 ms
21:43:19.798 [main] INFO  c.a.d.s.b.a.DruidDataSourceAutoConfigure - Init DruidDataSource
21:43:20.613 [main] INFO  c.x.h.spring.boot.druid.CustomFilter - 连接开始前
21:43:20.893 [main] INFO  c.x.h.spring.boot.druid.CustomFilter - 连接连接结束后
21:43:20.893 [main] INFO  c.x.h.spring.boot.druid.CustomFilter - 连接开始前
21:43:20.909 [main] INFO  c.x.h.spring.boot.druid.CustomFilter - 连接连接结束后
21:43:20.909 [main] INFO  c.x.h.spring.boot.druid.CustomFilter - 连接开始前
21:43:20.925 [main] INFO  c.x.h.spring.boot.druid.CustomFilter - 连接连接结束后
21:43:20.925 [main] INFO  c.x.h.spring.boot.druid.CustomFilter - 连接开始前
21:43:20.940 [main] INFO  c.x.h.spring.boot.druid.CustomFilter - 连接连接结束后
21:43:20.940 [main] INFO  c.x.h.spring.boot.druid.CustomFilter - 连接开始前
21:43:20.956 [main] INFO  c.x.h.spring.boot.druid.CustomFilter - 连接连接结束后
21:43:20.956 [main] INFO  c.alibaba.druid.pool.DruidDataSource - {dataSource-1} inited
21:43:21.595 [main] INFO  o.s.s.c.ThreadPoolTaskExecutor - Initializing ExecutorService 'applicationTaskExecutor'
21:43:21.861 [main] INFO  o.a.coyote.http11.Http11NioProtocol - Starting ProtocolHandler ["http-nio-8080"]
21:43:21.892 [main] INFO  o.s.b.w.e.tomcat.TomcatWebServer - Tomcat started on port(s): 8080 (http) with context path ''
21:43:21.892 [main] INFO  c.x.h.s.b.HelloSpringBootApplication - Started HelloSpringBootApplication in 5.366 seconds (JVM running for 6.131)
21:43:21.892 [main] INFO  c.x.h.s.b.HelloSpringBootApplication -  xdx is test
21:43:21.892 [main] INFO  c.x.h.s.b.HelloSpringBootApplication - xdx,lqf
21:43:21.892 [main] INFO  c.x.h.s.b.HelloSpringBootApplication - 数据源：{
	CreateTime:"2020-01-31 21:43:19",
	ActiveCount:0,
	PoolingCount:5,
	CreateCount:5,
	DestroyCount:0,
	CloseCount:0,
	ConnectCount:0,
	Connections:[
		{ID:123948843, ConnectTime:"2020-01-31 21:43:20", UseCount:0, LastActiveTime:"2020-01-31 21:43:20"},
		{ID:487964833, ConnectTime:"2020-01-31 21:43:20", UseCount:0, LastActiveTime:"2020-01-31 21:43:20"},
		{ID:358849801, ConnectTime:"2020-01-31 21:43:20", UseCount:0, LastActiveTime:"2020-01-31 21:43:20"},
		{ID:1337626348, ConnectTime:"2020-01-31 21:43:20", UseCount:0, LastActiveTime:"2020-01-31 21:43:20"},
		{ID:1388157479, ConnectTime:"2020-01-31 21:43:20", UseCount:0, LastActiveTime:"2020-01-31 21:43:20"}
	]
}
21:43:21.907 [main] INFO  c.x.h.s.b.HelloSpringBootApplication - 数据连接com.alibaba.druid.proxy.jdbc.ConnectionProxyImpl@52bd9a27
21:43:22.297 [http-nio-8080-exec-2] INFO  o.a.c.c.C.[Tomcat].[localhost].[/] - Initializing Spring DispatcherServlet 'dispatcherServlet'
21:43:22.297 [http-nio-8080-exec-2] INFO  o.s.web.servlet.DispatcherServlet - Initializing Servlet 'dispatcherServlet'
21:43:22.313 [http-nio-8080-exec-2] INFO  o.s.web.servlet.DispatcherServlet - Completed initialization in 16 ms
21:52:48.815 [main] INFO  c.x.h.s.b.HelloSpringBootApplication - Starting HelloSpringBootApplication on PC-2019HWL with PID 8880 (started by Administrator in D:\xdxgit\微服务学习\hello-spring-boot)
21:52:48.939 [main] INFO  c.x.h.s.b.HelloSpringBootApplication - The following profiles are active: test
21:52:50.094 [main] WARN  o.m.s.mapper.ClassPathMapperScanner - No MyBatis mapper was found in '[com.xdx.hello.spring.boot]' package. Please check your configuration.
21:52:50.967 [main] INFO  o.s.b.w.e.tomcat.TomcatWebServer - Tomcat initialized with port(s): 8080 (http)
21:52:50.983 [main] INFO  o.a.coyote.http11.Http11NioProtocol - Initializing ProtocolHandler ["http-nio-8080"]
21:52:50.983 [main] INFO  o.a.catalina.core.StandardService - Starting service [Tomcat]
21:52:50.983 [main] INFO  o.a.catalina.core.StandardEngine - Starting Servlet engine: [Apache Tomcat/9.0.29]
21:52:51.108 [main] INFO  o.a.c.c.C.[Tomcat].[localhost].[/] - Initializing Spring embedded WebApplicationContext
21:52:51.108 [main] INFO  o.s.web.context.ContextLoader - Root WebApplicationContext: initialization completed in 2059 ms
21:52:51.201 [main] INFO  c.a.d.s.b.a.DruidDataSourceAutoConfigure - Init DruidDataSource
21:52:52.013 [main] INFO  c.x.h.spring.boot.druid.CustomFilter - 连接开始前
21:52:52.247 [main] INFO  c.x.h.spring.boot.druid.CustomFilter - 连接连接结束后
21:52:52.247 [main] INFO  c.x.h.spring.boot.druid.CustomFilter - 连接开始前
21:52:52.262 [main] INFO  c.x.h.spring.boot.druid.CustomFilter - 连接连接结束后
21:52:52.262 [main] INFO  c.x.h.spring.boot.druid.CustomFilter - 连接开始前
21:52:52.278 [main] INFO  c.x.h.spring.boot.druid.CustomFilter - 连接连接结束后
21:52:52.278 [main] INFO  c.x.h.spring.boot.druid.CustomFilter - 连接开始前
21:52:52.293 [main] INFO  c.x.h.spring.boot.druid.CustomFilter - 连接连接结束后
21:52:52.293 [main] INFO  c.x.h.spring.boot.druid.CustomFilter - 连接开始前
21:52:52.309 [main] INFO  c.x.h.spring.boot.druid.CustomFilter - 连接连接结束后
21:52:52.309 [main] INFO  c.alibaba.druid.pool.DruidDataSource - {dataSource-1} inited
21:52:52.855 [main] INFO  o.s.s.c.ThreadPoolTaskExecutor - Initializing ExecutorService 'applicationTaskExecutor'
21:52:53.105 [main] INFO  o.a.coyote.http11.Http11NioProtocol - Starting ProtocolHandler ["http-nio-8080"]
21:52:53.136 [main] INFO  o.s.b.w.e.tomcat.TomcatWebServer - Tomcat started on port(s): 8080 (http) with context path ''
21:52:53.136 [main] INFO  c.x.h.s.b.HelloSpringBootApplication - Started HelloSpringBootApplication in 5.01 seconds (JVM running for 5.805)
21:52:53.136 [main] INFO  c.x.h.s.b.HelloSpringBootApplication -  xdx is test
21:52:53.136 [main] INFO  c.x.h.s.b.HelloSpringBootApplication - xdx,lqf
21:52:53.136 [main] INFO  c.x.h.s.b.HelloSpringBootApplication - 数据源：{
	CreateTime:"2020-01-31 21:52:51",
	ActiveCount:0,
	PoolingCount:5,
	CreateCount:5,
	DestroyCount:0,
	CloseCount:0,
	ConnectCount:0,
	Connections:[
		{ID:310626851, ConnectTime:"2020-01-31 21:52:52", UseCount:0, LastActiveTime:"2020-01-31 21:52:52"},
		{ID:1947201478, ConnectTime:"2020-01-31 21:52:52", UseCount:0, LastActiveTime:"2020-01-31 21:52:52"},
		{ID:178658894, ConnectTime:"2020-01-31 21:52:52", UseCount:0, LastActiveTime:"2020-01-31 21:52:52"},
		{ID:1933471223, ConnectTime:"2020-01-31 21:52:52", UseCount:0, LastActiveTime:"2020-01-31 21:52:52"},
		{ID:2145416033, ConnectTime:"2020-01-31 21:52:52", UseCount:0, LastActiveTime:"2020-01-31 21:52:52"}
	]
}
21:52:53.151 [main] INFO  c.x.h.s.b.HelloSpringBootApplication - 数据连接com.alibaba.druid.proxy.jdbc.ConnectionProxyImpl@7fe07361
21:53:39.046 [http-nio-8080-exec-1] INFO  o.a.c.c.C.[Tomcat].[localhost].[/] - Initializing Spring DispatcherServlet 'dispatcherServlet'
21:53:39.046 [http-nio-8080-exec-1] INFO  o.s.web.servlet.DispatcherServlet - Initializing Servlet 'dispatcherServlet'
21:53:39.061 [http-nio-8080-exec-1] INFO  o.s.web.servlet.DispatcherServlet - Completed initialization in 15 ms
21:53:39.108 [http-nio-8080-exec-1] INFO  c.x.h.s.b.HelloSpringBootApplication - 调用登录接口
